<?xml version="1.0" encoding="UTF-8"?>
<!-- Generated by org.testng.reporters.JUnitReportReporter -->
<testsuite skipped="0" hostname="ASHISH-DESKTOP" name="Basics2POSTwithXML" tests="1" failures="0" timestamp="06 Oct 2018 20:09:32 GMT" time="2.960" errors="0">
  <testcase name="POST" time="2.960" classname="Basics2POSTwithXML"/>
</testsuite> <!-- Basics2POSTwithXML -->
