<?xml version="1.0" encoding="UTF-8"?>
<!-- Generated by org.testng.reporters.JUnitReportReporter -->
<testsuite skipped="0" hostname="ASHISH-DESKTOP" name="Basics1GETwithJSON" tests="1" failures="0" timestamp="06 Oct 2018 20:44:33 GMT" time="4.524" errors="0">
  <testcase name="Get" time="4.524" classname="Basics1GETwithJSON"/>
</testsuite> <!-- Basics1GETwithJSON -->
