<?xml version="1.0" encoding="UTF-8"?>
<!-- Generated by org.testng.reporters.JUnitReportReporter -->
<testsuite skipped="0" hostname="ASHISH-DESKTOP" name="JIRAAPIBasics3" tests="1" failures="0" timestamp="07 Oct 2018 13:01:07 GMT" time="11.227" errors="0">
  <testcase name="JiraAPI" time="11.227" classname="JIRAAPIBasics3"/>
</testsuite> <!-- JIRAAPIBasics3 -->
