<?xml version="1.0" encoding="UTF-8"?>
<!-- Generated by org.testng.reporters.JUnitReportReporter -->
<testsuite skipped="0" hostname="ASHISH-DESKTOP" name="Basics2POST" tests="1" failures="0" timestamp="06 Oct 2018 15:43:43 GMT" time="2.536" errors="0">
  <testcase name="POST" time="2.536" classname="Basics2POST"/>
</testsuite> <!-- Basics2POST -->
