<?xml version="1.0" encoding="UTF-8"?>
<!-- Generated by org.testng.reporters.JUnitReportReporter -->
<testsuite skipped="0" hostname="ASHISH-DESKTOP" name="Basics3Delete" tests="1" failures="0" timestamp="06 Oct 2018 17:25:35 GMT" time="3.637" errors="0">
  <testcase name="POSTandDELETE" time="3.637" classname="Basics3Delete"/>
</testsuite> <!-- Basics3Delete -->
