<?xml version="1.0" encoding="UTF-8"?>
<!-- Generated by org.testng.reporters.JUnitReportReporter -->
<testsuite skipped="0" hostname="ASHISH-DESKTOP" name="JIRAAPIBasics2" tests="1" failures="0" timestamp="07 Oct 2018 12:56:38 GMT" time="7.467" errors="0">
  <testcase name="JiraAPICreateComment" time="7.467" classname="JIRAAPIBasics2"/>
</testsuite> <!-- JIRAAPIBasics2 -->
